%!Adobe-FontList 1.14
%Locale:0x80a

%BeginFont
Handler:DirectoryHandler
FontType:TrueType
FontName:TimesNewRomanPSMT
FamilyName:Times New Roman
StyleName:Regular
FullName:Times New Roman
MenuName:Times New Roman
StyleBits:0
WritingScript:Roman
OutlineFileName:C:\Users\yesscreativo\Dropbox\web_cleverleaves\Font\times.ttf
DataFormat:sfntData
FileLength:1006088
FileModTime:1446189479
WeightClass:400
WidthClass:5
AngleClass:0
%EndFont

%BeginFont
Handler:DirectoryHandler
FontType:TrueType
FontName:TimesNewRomanPS-BoldMT
FamilyName:Times New Roman
StyleName:Bold
FullName:Times New Roman Bold
MenuName:Times New Roman
StyleBits:2
WritingScript:Roman
OutlineFileName:C:\Users\yesscreativo\Dropbox\web_cleverleaves\Font\timesbd.ttf
DataFormat:sfntData
FileLength:991536
FileModTime:1446189479
WeightClass:700
WidthClass:5
AngleClass:0
%EndFont

%BeginFont
Handler:DirectoryHandler
FontType:TrueType
FontName:TimesNewRomanPS-BoldItalicMT
FamilyName:Times New Roman
StyleName:Bold Italic
FullName:Times New Roman Bold Italic
MenuName:Times New Roman
StyleBits:3
WritingScript:Roman
OutlineFileName:C:\Users\yesscreativo\Dropbox\web_cleverleaves\Font\timesbi.ttf
DataFormat:sfntData
FileLength:754428
FileModTime:1446189479
WeightClass:700
WidthClass:5
AngleClass:1
%EndFont

%BeginFont
Handler:DirectoryHandler
FontType:TrueType
FontName:TimesNewRomanPS-ItalicMT
FamilyName:Times New Roman
StyleName:Italic
FullName:Times New Roman Italic
MenuName:Times New Roman
StyleBits:1
WritingScript:Roman
OutlineFileName:C:\Users\yesscreativo\Dropbox\web_cleverleaves\Font\timesi.ttf
DataFormat:sfntData
FileLength:811348
FileModTime:1446189479
WeightClass:400
WidthClass:5
AngleClass:1
%EndFont

